{"/workspaces/app.novu.link/packages/helpers/src/colors.ts": {"path":"/workspaces/app.novu.link/packages/helpers/src/colors.ts","all":false,"statementMap":{"5":{"start":{"line":6,"column":0},"end":{"line":6,"column":87}},"6":{"start":{"line":7,"column":0},"end":{"line":7,"column":35}},"7":{"start":{"line":8,"column":0},"end":{"line":8,"column":49}},"8":{"start":{"line":9,"column":0},"end":{"line":9,"column":52}},"9":{"start":{"line":10,"column":0},"end":{"line":10,"column":88}},"10":{"start":{"line":11,"column":0},"end":{"line":11,"column":2}},"19":{"start":{"line":20,"column":0},"end":{"line":20,"column":73}},"20":{"start":{"line":21,"column":0},"end":{"line":21,"column":42}},"21":{"start":{"line":22,"column":0},"end":{"line":22,"column":42}},"23":{"start":{"line":24,"column":0},"end":{"line":24,"column":10}},"24":{"start":{"line":25,"column":0},"end":{"line":25,"column":47}},"25":{"start":{"line":26,"column":0},"end":{"line":26,"column":45}},"27":{"start":{"line":28,"column":0},"end":{"line":28,"column":2}},"37":{"start":{"line":38,"column":0},"end":{"line":38,"column":36}},"38":{"start":{"line":39,"column":0},"end":{"line":39,"column":56}},"39":{"start":{"line":40,"column":0},"end":{"line":40,"column":50}},"46":{"start":{"line":47,"column":0},"end":{"line":47,"column":50}},"47":{"start":{"line":48,"column":0},"end":{"line":48,"column":30}},"48":{"start":{"line":49,"column":0},"end":{"line":49,"column":31}},"49":{"start":{"line":50,"column":0},"end":{"line":50,"column":13}},"50":{"start":{"line":51,"column":0},"end":{"line":51,"column":67}},"51":{"start":{"line":52,"column":0},"end":{"line":52,"column":5}},"53":{"start":{"line":54,"column":0},"end":{"line":54,"column":64}},"54":{"start":{"line":55,"column":0},"end":{"line":55,"column":2}},"62":{"start":{"line":63,"column":0},"end":{"line":63,"column":70}},"63":{"start":{"line":64,"column":0},"end":{"line":64,"column":60}},"64":{"start":{"line":65,"column":0},"end":{"line":65,"column":20}},"65":{"start":{"line":66,"column":0},"end":{"line":66,"column":19}},"66":{"start":{"line":67,"column":0},"end":{"line":67,"column":41}},"67":{"start":{"line":68,"column":0},"end":{"line":68,"column":16}},"69":{"start":{"line":70,"column":0},"end":{"line":70,"column":71}},"70":{"start":{"line":71,"column":0},"end":{"line":71,"column":16}},"71":{"start":{"line":72,"column":0},"end":{"line":72,"column":41}},"72":{"start":{"line":73,"column":0},"end":{"line":73,"column":3}},"74":{"start":{"line":75,"column":0},"end":{"line":75,"column":10}},"75":{"start":{"line":76,"column":0},"end":{"line":76,"column":28}},"76":{"start":{"line":77,"column":0},"end":{"line":77,"column":28}},"77":{"start":{"line":78,"column":0},"end":{"line":78,"column":28}},"78":{"start":{"line":79,"column":0},"end":{"line":79,"column":4}},"79":{"start":{"line":80,"column":0},"end":{"line":80,"column":2}}},"s":{"5":1,"6":5,"7":5,"8":15,"9":5,"10":5,"19":1,"20":6,"21":6,"23":6,"24":6,"25":6,"27":6,"37":1,"38":1,"39":3,"46":1,"47":17,"48":17,"49":51,"50":51,"51":17,"53":17,"54":17,"62":1,"63":27,"64":27,"65":27,"66":27,"67":27,"69":27,"70":27,"71":3,"72":3,"74":24,"75":24,"76":24,"77":24,"78":24,"79":24},"branchMap":{"0":{"type":"branch","line":6,"loc":{"start":{"line":6,"column":23},"end":{"line":11,"column":2}},"locations":[{"start":{"line":6,"column":23},"end":{"line":11,"column":2}}]},"1":{"type":"branch","line":8,"loc":{"start":{"line":8,"column":12},"end":{"line":9,"column":52}},"locations":[{"start":{"line":8,"column":12},"end":{"line":9,"column":52}}]},"2":{"type":"branch","line":10,"loc":{"start":{"line":10,"column":32},"end":{"line":10,"column":58}},"locations":[{"start":{"line":10,"column":32},"end":{"line":10,"column":58}}]},"3":{"type":"branch","line":20,"loc":{"start":{"line":20,"column":32},"end":{"line":28,"column":2}},"locations":[{"start":{"line":20,"column":32},"end":{"line":28,"column":2}}]},"4":{"type":"branch","line":39,"loc":{"start":{"line":39,"column":2},"end":{"line":40,"column":50}},"locations":[{"start":{"line":39,"column":2},"end":{"line":40,"column":50}}]},"5":{"type":"branch","line":47,"loc":{"start":{"line":47,"column":28},"end":{"line":55,"column":2}},"locations":[{"start":{"line":47,"column":28},"end":{"line":55,"column":2}}]},"6":{"type":"branch","line":49,"loc":{"start":{"line":49,"column":23},"end":{"line":52,"column":3}},"locations":[{"start":{"line":49,"column":23},"end":{"line":52,"column":3}}]},"7":{"type":"branch","line":51,"loc":{"start":{"line":51,"column":16},"end":{"line":51,"column":40}},"locations":[{"start":{"line":51,"column":16},"end":{"line":51,"column":40}}]},"8":{"type":"branch","line":51,"loc":{"start":{"line":51,"column":30},"end":{"line":51,"column":67}},"locations":[{"start":{"line":51,"column":30},"end":{"line":51,"column":67}}]},"9":{"type":"branch","line":63,"loc":{"start":{"line":63,"column":24},"end":{"line":80,"column":2}},"locations":[{"start":{"line":63,"column":24},"end":{"line":80,"column":2}}]},"10":{"type":"branch","line":71,"loc":{"start":{"line":71,"column":15},"end":{"line":73,"column":3}},"locations":[{"start":{"line":71,"column":15},"end":{"line":73,"column":3}}]},"11":{"type":"branch","line":73,"loc":{"start":{"line":73,"column":2},"end":{"line":80,"column":2}},"locations":[{"start":{"line":73,"column":2},"end":{"line":80,"column":2}}]},"12":{"type":"branch","line":67,"loc":{"start":{"line":67,"column":4},"end":{"line":67,"column":41}},"locations":[{"start":{"line":67,"column":4},"end":{"line":67,"column":41}}]}},"b":{"0":[5],"1":[15],"2":[15],"3":[6],"4":[3],"5":[17],"6":[51],"7":[23],"8":[28],"9":[27],"10":[3],"11":[24],"12":[3]},"fnMap":{"0":{"name":"hsl2rgb","decl":{"start":{"line":6,"column":23},"end":{"line":11,"column":2}},"loc":{"start":{"line":6,"column":23},"end":{"line":11,"column":2}},"line":6},"1":{"name":"f","decl":{"start":{"line":8,"column":12},"end":{"line":9,"column":52}},"loc":{"start":{"line":8,"column":12},"end":{"line":9,"column":52}},"line":8},"2":{"name":"getContrastRatio","decl":{"start":{"line":20,"column":32},"end":{"line":28,"column":2}},"loc":{"start":{"line":20,"column":32},"end":{"line":28,"column":2}},"line":20},"3":{"name":"hasSufficientContrast","decl":{"start":{"line":39,"column":2},"end":{"line":40,"column":50}},"loc":{"start":{"line":39,"column":2},"end":{"line":40,"column":50}},"line":39},"4":{"name":"getLuminance","decl":{"start":{"line":47,"column":28},"end":{"line":55,"column":2}},"loc":{"start":{"line":47,"column":28},"end":{"line":55,"column":2}},"line":47},"5":{"name":"hexToRgb","decl":{"start":{"line":63,"column":24},"end":{"line":80,"column":2}},"loc":{"start":{"line":63,"column":24},"end":{"line":80,"column":2}},"line":63}},"f":{"0":5,"1":15,"2":6,"3":3,"4":17,"5":27}}
,"/workspaces/app.novu.link/packages/helpers/src/cssVariables.ts": {"path":"/workspaces/app.novu.link/packages/helpers/src/cssVariables.ts","all":false,"statementMap":{"0":{"start":{"line":1,"column":0},"end":{"line":1,"column":38}},"3":{"start":{"line":4,"column":0},"end":{"line":4,"column":68}},"4":{"start":{"line":5,"column":0},"end":{"line":5,"column":66}},"5":{"start":{"line":6,"column":0},"end":{"line":6,"column":41}},"6":{"start":{"line":7,"column":0},"end":{"line":7,"column":11}},"7":{"start":{"line":8,"column":0},"end":{"line":8,"column":24}},"10":{"start":{"line":11,"column":0},"end":{"line":11,"column":36}},"11":{"start":{"line":12,"column":0},"end":{"line":12,"column":63}},"12":{"start":{"line":13,"column":0},"end":{"line":13,"column":24}},"14":{"start":{"line":15,"column":0},"end":{"line":15,"column":48}},"15":{"start":{"line":16,"column":0},"end":{"line":16,"column":5}},"16":{"start":{"line":17,"column":0},"end":{"line":17,"column":50}},"17":{"start":{"line":18,"column":0},"end":{"line":18,"column":3}},"20":{"start":{"line":21,"column":0},"end":{"line":21,"column":40}},"21":{"start":{"line":22,"column":0},"end":{"line":22,"column":129}},"22":{"start":{"line":23,"column":0},"end":{"line":23,"column":24}},"23":{"start":{"line":24,"column":0},"end":{"line":24,"column":13}},"24":{"start":{"line":25,"column":0},"end":{"line":25,"column":19}},"25":{"start":{"line":26,"column":0},"end":{"line":26,"column":18}},"26":{"start":{"line":27,"column":0},"end":{"line":27,"column":6}},"28":{"start":{"line":29,"column":0},"end":{"line":29,"column":35}},"29":{"start":{"line":30,"column":0},"end":{"line":30,"column":3}},"31":{"start":{"line":32,"column":0},"end":{"line":32,"column":23}},"32":{"start":{"line":33,"column":0},"end":{"line":33,"column":2}},"39":{"start":{"line":40,"column":0},"end":{"line":40,"column":60}},"40":{"start":{"line":41,"column":0},"end":{"line":41,"column":79}},"41":{"start":{"line":42,"column":0},"end":{"line":42,"column":2}},"48":{"start":{"line":49,"column":0},"end":{"line":49,"column":68}},"49":{"start":{"line":50,"column":0},"end":{"line":50,"column":10}},"50":{"start":{"line":51,"column":0},"end":{"line":51,"column":21}},"51":{"start":{"line":52,"column":0},"end":{"line":52,"column":67}},"53":{"start":{"line":54,"column":0},"end":{"line":54,"column":2}}},"s":{"0":1,"3":1,"4":5,"5":5,"6":5,"7":5,"10":5,"11":3,"12":3,"14":1,"15":1,"16":2,"17":2,"20":5,"21":1,"22":1,"23":1,"24":1,"25":1,"26":1,"28":1,"29":1,"31":1,"32":1,"39":1,"40":1,"41":1,"48":1,"49":6,"50":6,"51":6,"53":6},"branchMap":{"0":{"type":"branch","line":4,"loc":{"start":{"line":4,"column":34},"end":{"line":33,"column":2}},"locations":[{"start":{"line":4,"column":34},"end":{"line":33,"column":2}}]},"1":{"type":"branch","line":11,"loc":{"start":{"line":11,"column":35},"end":{"line":18,"column":3}},"locations":[{"start":{"line":11,"column":35},"end":{"line":18,"column":3}}]},"2":{"type":"branch","line":13,"loc":{"start":{"line":13,"column":23},"end":{"line":16,"column":5}},"locations":[{"start":{"line":13,"column":23},"end":{"line":16,"column":5}}]},"3":{"type":"branch","line":16,"loc":{"start":{"line":16,"column":4},"end":{"line":18,"column":3}},"locations":[{"start":{"line":16,"column":4},"end":{"line":18,"column":3}}]},"4":{"type":"branch","line":18,"loc":{"start":{"line":18,"column":2},"end":{"line":21,"column":39}},"locations":[{"start":{"line":18,"column":2},"end":{"line":21,"column":39}}]},"5":{"type":"branch","line":21,"loc":{"start":{"line":21,"column":39},"end":{"line":33,"column":2}},"locations":[{"start":{"line":21,"column":39},"end":{"line":33,"column":2}}]},"6":{"type":"branch","line":22,"loc":{"start":{"line":22,"column":102},"end":{"line":22,"column":127}},"locations":[{"start":{"line":22,"column":102},"end":{"line":22,"column":127}}]},"7":{"type":"branch","line":40,"loc":{"start":{"line":40,"column":34},"end":{"line":42,"column":2}},"locations":[{"start":{"line":40,"column":34},"end":{"line":42,"column":2}}]},"8":{"type":"branch","line":49,"loc":{"start":{"line":49,"column":38},"end":{"line":54,"column":2}},"locations":[{"start":{"line":49,"column":38},"end":{"line":54,"column":2}}]}},"b":{"0":[5],"1":[3],"2":[1],"3":[2],"4":[2],"5":[1],"6":[3],"7":[1],"8":[6]},"fnMap":{"0":{"name":"getCssVarForStripe","decl":{"start":{"line":4,"column":34},"end":{"line":33,"column":2}},"loc":{"start":{"line":4,"column":34},"end":{"line":33,"column":2}},"line":4},"1":{"name":"convertRemToPixels","decl":{"start":{"line":40,"column":34},"end":{"line":42,"column":2}},"loc":{"start":{"line":40,"column":34},"end":{"line":42,"column":2}},"line":40},"2":{"name":"convertPercentToPixels","decl":{"start":{"line":49,"column":38},"end":{"line":54,"column":2}},"loc":{"start":{"line":49,"column":38},"end":{"line":54,"column":2}},"line":49}},"f":{"0":5,"1":1,"2":6}}
,"/workspaces/app.novu.link/packages/helpers/src/dataLoader.ts": {"path":"/workspaces/app.novu.link/packages/helpers/src/dataLoader.ts","all":true,"statementMap":{"0":{"start":{"line":1,"column":0},"end":{"line":1,"column":77}},"1":{"start":{"line":2,"column":0},"end":{"line":2,"column":71}},"2":{"start":{"line":3,"column":0},"end":{"line":3,"column":24}},"3":{"start":{"line":4,"column":0},"end":{"line":4,"column":2}},"9":{"start":{"line":10,"column":0},"end":{"line":10,"column":42}},"10":{"start":{"line":11,"column":0},"end":{"line":11,"column":10}},"11":{"start":{"line":12,"column":0},"end":{"line":12,"column":25}},"13":{"start":{"line":14,"column":0},"end":{"line":14,"column":19}},"14":{"start":{"line":15,"column":0},"end":{"line":15,"column":9}}},"s":{"0":0,"1":0,"2":0,"3":0,"9":0,"10":0,"11":0,"13":0,"14":0},"branchMap":{"0":{"type":"branch","line":1,"loc":{"start":{"line":1,"column":335},"end":{"line":15,"column":9}},"locations":[{"start":{"line":1,"column":335},"end":{"line":15,"column":9}}]}},"b":{"0":[0]},"fnMap":{"0":{"name":"(empty-report)","decl":{"start":{"line":1,"column":335},"end":{"line":15,"column":9}},"loc":{"start":{"line":1,"column":335},"end":{"line":15,"column":9}},"line":1}},"f":{"0":0}}
,"/workspaces/app.novu.link/packages/helpers/src/debounce.ts": {"path":"/workspaces/app.novu.link/packages/helpers/src/debounce.ts","all":false,"statementMap":{"12":{"start":{"line":13,"column":0},"end":{"line":13,"column":65}},"13":{"start":{"line":14,"column":0},"end":{"line":14,"column":8}},"14":{"start":{"line":15,"column":0},"end":{"line":15,"column":14}},"15":{"start":{"line":16,"column":0},"end":{"line":16,"column":17}},"16":{"start":{"line":17,"column":0},"end":{"line":17,"column":37}},"17":{"start":{"line":18,"column":0},"end":{"line":18,"column":59}},"19":{"start":{"line":20,"column":0},"end":{"line":20,"column":38}},"20":{"start":{"line":21,"column":0},"end":{"line":21,"column":32}},"21":{"start":{"line":22,"column":0},"end":{"line":22,"column":18}},"22":{"start":{"line":23,"column":0},"end":{"line":23,"column":5}},"24":{"start":{"line":25,"column":0},"end":{"line":25,"column":28}},"25":{"start":{"line":26,"column":0},"end":{"line":26,"column":34}},"26":{"start":{"line":27,"column":0},"end":{"line":27,"column":21}},"27":{"start":{"line":28,"column":0},"end":{"line":28,"column":20}},"28":{"start":{"line":29,"column":0},"end":{"line":29,"column":7}},"29":{"start":{"line":30,"column":0},"end":{"line":30,"column":28}},"30":{"start":{"line":31,"column":0},"end":{"line":31,"column":14}},"31":{"start":{"line":32,"column":0},"end":{"line":32,"column":4}},"32":{"start":{"line":33,"column":0},"end":{"line":33,"column":1}}},"s":{"12":1,"13":2,"14":2,"15":2,"16":2,"17":2,"19":2,"20":7,"21":2,"22":2,"24":7,"25":7,"26":3,"27":1,"28":1,"29":3,"30":7,"31":7,"32":2},"branchMap":{"0":{"type":"branch","line":13,"loc":{"start":{"line":13,"column":7},"end":{"line":33,"column":1}},"locations":[{"start":{"line":13,"column":7},"end":{"line":33,"column":1}}]},"1":{"type":"branch","line":20,"loc":{"start":{"line":20,"column":9},"end":{"line":32,"column":4}},"locations":[{"start":{"line":20,"column":9},"end":{"line":32,"column":4}}]},"2":{"type":"branch","line":21,"loc":{"start":{"line":21,"column":8},"end":{"line":21,"column":31}},"locations":[{"start":{"line":21,"column":8},"end":{"line":21,"column":31}}]},"3":{"type":"branch","line":21,"loc":{"start":{"line":21,"column":31},"end":{"line":23,"column":5}},"locations":[{"start":{"line":21,"column":31},"end":{"line":23,"column":5}}]},"4":{"type":"branch","line":26,"loc":{"start":{"line":26,"column":27},"end":{"line":31,"column":7}},"locations":[{"start":{"line":26,"column":27},"end":{"line":31,"column":7}}]},"5":{"type":"branch","line":27,"loc":{"start":{"line":27,"column":20},"end":{"line":29,"column":7}},"locations":[{"start":{"line":27,"column":20},"end":{"line":29,"column":7}}]}},"b":{"0":[2],"1":[7],"2":[4],"3":[2],"4":[3],"5":[1]},"fnMap":{"0":{"name":"debounce","decl":{"start":{"line":13,"column":7},"end":{"line":33,"column":1}},"loc":{"start":{"line":13,"column":7},"end":{"line":33,"column":1}},"line":13}},"f":{"0":2}}
,"/workspaces/app.novu.link/packages/helpers/src/hasMethod.ts": {"path":"/workspaces/app.novu.link/packages/helpers/src/hasMethod.ts","all":false,"statementMap":{"2":{"start":{"line":3,"column":0},"end":{"line":3,"column":13}},"6":{"start":{"line":7,"column":0},"end":{"line":7,"column":14}},"7":{"start":{"line":8,"column":0},"end":{"line":8,"column":12}},"8":{"start":{"line":9,"column":0},"end":{"line":9,"column":15}},"9":{"start":{"line":10,"column":0},"end":{"line":10,"column":14}},"10":{"start":{"line":11,"column":0},"end":{"line":11,"column":10}},"11":{"start":{"line":12,"column":0},"end":{"line":12,"column":29}},"12":{"start":{"line":13,"column":0},"end":{"line":13,"column":18}},"13":{"start":{"line":14,"column":0},"end":{"line":14,"column":19}},"14":{"start":{"line":15,"column":0},"end":{"line":15,"column":59}},"16":{"start":{"line":17,"column":0},"end":{"line":17,"column":1}},"21":{"start":{"line":22,"column":0},"end":{"line":22,"column":26}},"25":{"start":{"line":26,"column":0},"end":{"line":26,"column":14}},"26":{"start":{"line":27,"column":0},"end":{"line":27,"column":11}},"27":{"start":{"line":28,"column":0},"end":{"line":28,"column":14}},"28":{"start":{"line":29,"column":0},"end":{"line":29,"column":37}},"29":{"start":{"line":30,"column":0},"end":{"line":30,"column":1}},"34":{"start":{"line":35,"column":0},"end":{"line":35,"column":28}},"38":{"start":{"line":39,"column":0},"end":{"line":39,"column":14}},"39":{"start":{"line":40,"column":0},"end":{"line":40,"column":11}},"40":{"start":{"line":41,"column":0},"end":{"line":41,"column":14}},"41":{"start":{"line":42,"column":0},"end":{"line":42,"column":35}},"42":{"start":{"line":43,"column":0},"end":{"line":43,"column":2}},"58":{"start":{"line":59,"column":0},"end":{"line":59,"column":64}},"59":{"start":{"line":60,"column":0},"end":{"line":60,"column":15}},"60":{"start":{"line":61,"column":0},"end":{"line":61,"column":17}},"61":{"start":{"line":62,"column":0},"end":{"line":62,"column":46}},"62":{"start":{"line":63,"column":0},"end":{"line":63,"column":21}},"63":{"start":{"line":64,"column":0},"end":{"line":64,"column":38}},"64":{"start":{"line":65,"column":0},"end":{"line":65,"column":48}},"65":{"start":{"line":66,"column":0},"end":{"line":66,"column":18}},"66":{"start":{"line":67,"column":0},"end":{"line":67,"column":3}},"68":{"start":{"line":69,"column":0},"end":{"line":69,"column":27}},"69":{"start":{"line":70,"column":0},"end":{"line":70,"column":32}},"70":{"start":{"line":71,"column":0},"end":{"line":71,"column":66}},"71":{"start":{"line":72,"column":0},"end":{"line":72,"column":85}},"72":{"start":{"line":73,"column":0},"end":{"line":73,"column":7}},"73":{"start":{"line":74,"column":0},"end":{"line":74,"column":18}},"74":{"start":{"line":75,"column":0},"end":{"line":75,"column":3}},"76":{"start":{"line":77,"column":0},"end":{"line":77,"column":39}},"77":{"start":{"line":78,"column":0},"end":{"line":78,"column":56}},"78":{"start":{"line":79,"column":0},"end":{"line":79,"column":59}},"80":{"start":{"line":81,"column":0},"end":{"line":81,"column":26}},"81":{"start":{"line":82,"column":0},"end":{"line":82,"column":50}},"83":{"start":{"line":84,"column":0},"end":{"line":84,"column":20}},"84":{"start":{"line":85,"column":0},"end":{"line":85,"column":61}},"85":{"start":{"line":86,"column":0},"end":{"line":86,"column":86}},"86":{"start":{"line":87,"column":0},"end":{"line":87,"column":5}},"87":{"start":{"line":88,"column":0},"end":{"line":88,"column":10}},"88":{"start":{"line":89,"column":0},"end":{"line":89,"column":47}},"89":{"start":{"line":90,"column":0},"end":{"line":90,"column":5}},"90":{"start":{"line":91,"column":0},"end":{"line":91,"column":3}},"92":{"start":{"line":93,"column":0},"end":{"line":93,"column":16}},"93":{"start":{"line":94,"column":0},"end":{"line":94,"column":1}}},"s":{"2":14,"6":14,"7":14,"8":14,"9":14,"10":14,"11":14,"12":8,"13":6,"14":4,"16":14,"21":1,"25":7,"26":7,"27":7,"28":7,"29":7,"34":1,"38":7,"39":7,"40":7,"41":7,"42":1,"58":1,"59":20,"60":20,"61":20,"62":20,"63":20,"64":20,"65":3,"66":3,"68":20,"69":4,"70":4,"71":4,"72":4,"73":4,"74":4,"76":20,"77":15,"78":15,"80":15,"81":4,"83":4,"84":15,"85":9,"86":9,"87":2,"88":2,"89":2,"90":15,"92":9,"93":9},"branchMap":{"0":{"type":"branch","line":3,"loc":{"start":{"line":3,"column":0},"end":{"line":17,"column":1}},"locations":[{"start":{"line":3,"column":0},"end":{"line":17,"column":1}}]},"1":{"type":"branch","line":12,"loc":{"start":{"line":12,"column":18},"end":{"line":13,"column":18}},"locations":[{"start":{"line":12,"column":18},"end":{"line":13,"column":18}}]},"2":{"type":"branch","line":13,"loc":{"start":{"line":13,"column":11},"end":{"line":14,"column":19}},"locations":[{"start":{"line":13,"column":11},"end":{"line":14,"column":19}}]},"3":{"type":"branch","line":14,"loc":{"start":{"line":14,"column":14},"end":{"line":15,"column":59}},"locations":[{"start":{"line":14,"column":14},"end":{"line":15,"column":59}}]},"4":{"type":"branch","line":22,"loc":{"start":{"line":22,"column":7},"end":{"line":30,"column":1}},"locations":[{"start":{"line":22,"column":7},"end":{"line":30,"column":1}}]},"5":{"type":"branch","line":35,"loc":{"start":{"line":35,"column":7},"end":{"line":43,"column":1}},"locations":[{"start":{"line":35,"column":7},"end":{"line":43,"column":1}}]},"6":{"type":"branch","line":59,"loc":{"start":{"line":59,"column":63},"end":{"line":94,"column":1}},"locations":[{"start":{"line":59,"column":63},"end":{"line":94,"column":1}}]},"7":{"type":"branch","line":65,"loc":{"start":{"line":65,"column":21},"end":{"line":65,"column":47}},"locations":[{"start":{"line":65,"column":21},"end":{"line":65,"column":47}}]},"8":{"type":"branch","line":65,"loc":{"start":{"line":65,"column":47},"end":{"line":67,"column":3}},"locations":[{"start":{"line":65,"column":47},"end":{"line":67,"column":3}}]},"9":{"type":"branch","line":67,"loc":{"start":{"line":67,"column":2},"end":{"line":69,"column":26}},"locations":[{"start":{"line":67,"column":2},"end":{"line":69,"column":26}}]},"10":{"type":"branch","line":69,"loc":{"start":{"line":69,"column":26},"end":{"line":75,"column":3}},"locations":[{"start":{"line":69,"column":26},"end":{"line":75,"column":3}}]},"11":{"type":"branch","line":75,"loc":{"start":{"line":75,"column":2},"end":{"line":77,"column":38}},"locations":[{"start":{"line":75,"column":2},"end":{"line":77,"column":38}}]},"12":{"type":"branch","line":77,"loc":{"start":{"line":77,"column":38},"end":{"line":91,"column":3}},"locations":[{"start":{"line":77,"column":38},"end":{"line":91,"column":3}}]},"13":{"type":"branch","line":79,"loc":{"start":{"line":79,"column":19},"end":{"line":79,"column":55}},"locations":[{"start":{"line":79,"column":19},"end":{"line":79,"column":55}}]},"14":{"type":"branch","line":79,"loc":{"start":{"line":79,"column":50},"end":{"line":79,"column":59}},"locations":[{"start":{"line":79,"column":50},"end":{"line":79,"column":59}}]},"15":{"type":"branch","line":81,"loc":{"start":{"line":81,"column":25},"end":{"line":85,"column":15}},"locations":[{"start":{"line":81,"column":25},"end":{"line":85,"column":15}}]},"16":{"type":"branch","line":85,"loc":{"start":{"line":85,"column":4},"end":{"line":90,"column":5}},"locations":[{"start":{"line":85,"column":4},"end":{"line":90,"column":5}}]},"17":{"type":"branch","line":85,"loc":{"start":{"line":85,"column":32},"end":{"line":85,"column":60}},"locations":[{"start":{"line":85,"column":32},"end":{"line":85,"column":60}}]},"18":{"type":"branch","line":85,"loc":{"start":{"line":85,"column":60},"end":{"line":87,"column":5}},"locations":[{"start":{"line":85,"column":60},"end":{"line":87,"column":5}}]},"19":{"type":"branch","line":87,"loc":{"start":{"line":87,"column":4},"end":{"line":90,"column":5}},"locations":[{"start":{"line":87,"column":4},"end":{"line":90,"column":5}}]},"20":{"type":"branch","line":91,"loc":{"start":{"line":91,"column":2},"end":{"line":94,"column":1}},"locations":[{"start":{"line":91,"column":2},"end":{"line":94,"column":1}}]},"21":{"type":"branch","line":70,"loc":{"start":{"line":70,"column":16},"end":{"line":73,"column":5}},"locations":[{"start":{"line":70,"column":16},"end":{"line":73,"column":5}}]},"22":{"type":"branch","line":71,"loc":{"start":{"line":71,"column":52},"end":{"line":71,"column":66}},"locations":[{"start":{"line":71,"column":52},"end":{"line":71,"column":66}}]}},"b":{"0":[14],"1":[8],"2":[6],"3":[4],"4":[7],"5":[7],"6":[20],"7":[18],"8":[3],"9":[17],"10":[4],"11":[13],"12":[15],"13":[9],"14":[6],"15":[4],"16":[11],"17":[9],"18":[9],"19":[2],"20":[9],"21":[4],"22":[0]},"fnMap":{"0":{"name":"has","decl":{"start":{"line":3,"column":0},"end":{"line":17,"column":1}},"loc":{"start":{"line":3,"column":0},"end":{"line":17,"column":1}},"line":3},"1":{"name":"hasMethod","decl":{"start":{"line":22,"column":7},"end":{"line":30,"column":1}},"loc":{"start":{"line":22,"column":7},"end":{"line":30,"column":1}},"line":22},"2":{"name":"hasProperty","decl":{"start":{"line":35,"column":7},"end":{"line":43,"column":1}},"loc":{"start":{"line":35,"column":7},"end":{"line":43,"column":1}},"line":35},"3":{"name":"flattenObjectToDotNotationWithArrayAndStopAtKey","decl":{"start":{"line":59,"column":63},"end":{"line":94,"column":1}},"loc":{"start":{"line":59,"column":63},"end":{"line":94,"column":1}},"line":59}},"f":{"0":14,"1":7,"2":7,"3":20}}
,"/workspaces/app.novu.link/packages/helpers/src/httpCodes.ts": {"path":"/workspaces/app.novu.link/packages/helpers/src/httpCodes.ts","all":true,"statementMap":{"5":{"start":{"line":6,"column":0},"end":{"line":6,"column":51}},"6":{"start":{"line":7,"column":0},"end":{"line":7,"column":10}},"7":{"start":{"line":8,"column":0},"end":{"line":8,"column":11}},"9":{"start":{"line":10,"column":0},"end":{"line":10,"column":34}},"11":{"start":{"line":12,"column":0},"end":{"line":12,"column":67}},"12":{"start":{"line":13,"column":0},"end":{"line":13,"column":18}},"13":{"start":{"line":14,"column":0},"end":{"line":14,"column":2}}},"s":{"5":0,"6":0,"7":0,"9":0,"11":0,"12":0,"13":0},"branchMap":{"0":{"type":"branch","line":1,"loc":{"start":{"line":1,"column":455},"end":{"line":14,"column":2}},"locations":[{"start":{"line":1,"column":455},"end":{"line":14,"column":2}}]}},"b":{"0":[1]},"fnMap":{"0":{"name":"(empty-report)","decl":{"start":{"line":1,"column":455},"end":{"line":14,"column":2}},"loc":{"start":{"line":1,"column":455},"end":{"line":14,"column":2}},"line":1}},"f":{"0":1}}
,"/workspaces/app.novu.link/packages/helpers/src/normaliseOptions.ts": {"path":"/workspaces/app.novu.link/packages/helpers/src/normaliseOptions.ts","all":false,"statementMap":{"3":{"start":{"line":4,"column":0},"end":{"line":4,"column":33}},"4":{"start":{"line":5,"column":0},"end":{"line":5,"column":26}},"5":{"start":{"line":6,"column":0},"end":{"line":6,"column":32}},"6":{"start":{"line":7,"column":0},"end":{"line":7,"column":26}},"9":{"start":{"line":10,"column":0},"end":{"line":10,"column":31}},"10":{"start":{"line":11,"column":0},"end":{"line":11,"column":33}},"11":{"start":{"line":12,"column":0},"end":{"line":12,"column":37}},"12":{"start":{"line":13,"column":0},"end":{"line":13,"column":30}},"13":{"start":{"line":14,"column":0},"end":{"line":14,"column":19}},"14":{"start":{"line":15,"column":0},"end":{"line":15,"column":23}},"15":{"start":{"line":16,"column":0},"end":{"line":16,"column":9}},"16":{"start":{"line":17,"column":0},"end":{"line":17,"column":15}},"17":{"start":{"line":18,"column":0},"end":{"line":18,"column":5}},"18":{"start":{"line":19,"column":0},"end":{"line":19,"column":28}},"19":{"start":{"line":20,"column":0},"end":{"line":20,"column":31}},"20":{"start":{"line":21,"column":0},"end":{"line":21,"column":28}},"21":{"start":{"line":22,"column":0},"end":{"line":22,"column":41}},"22":{"start":{"line":23,"column":0},"end":{"line":23,"column":22}},"23":{"start":{"line":24,"column":0},"end":{"line":24,"column":26}},"24":{"start":{"line":25,"column":0},"end":{"line":25,"column":7}},"25":{"start":{"line":26,"column":0},"end":{"line":26,"column":3}},"26":{"start":{"line":27,"column":0},"end":{"line":27,"column":27}},"27":{"start":{"line":28,"column":0},"end":{"line":28,"column":2}},"29":{"start":{"line":30,"column":0},"end":{"line":30,"column":30}},"30":{"start":{"line":31,"column":0},"end":{"line":31,"column":47}},"31":{"start":{"line":32,"column":0},"end":{"line":32,"column":16}},"32":{"start":{"line":33,"column":0},"end":{"line":33,"column":64}},"33":{"start":{"line":34,"column":0},"end":{"line":34,"column":6}},"35":{"start":{"line":36,"column":0},"end":{"line":36,"column":45}},"36":{"start":{"line":37,"column":0},"end":{"line":37,"column":19}},"37":{"start":{"line":38,"column":0},"end":{"line":38,"column":3}},"39":{"start":{"line":40,"column":0},"end":{"line":40,"column":45}},"41":{"start":{"line":42,"column":0},"end":{"line":42,"column":37}},"42":{"start":{"line":43,"column":0},"end":{"line":43,"column":36}},"45":{"start":{"line":46,"column":0},"end":{"line":46,"column":78}},"46":{"start":{"line":47,"column":0},"end":{"line":47,"column":55}},"47":{"start":{"line":48,"column":0},"end":{"line":48,"column":5}},"49":{"start":{"line":50,"column":0},"end":{"line":50,"column":77}},"50":{"start":{"line":51,"column":0},"end":{"line":51,"column":5}},"51":{"start":{"line":52,"column":0},"end":{"line":52,"column":2}},"53":{"start":{"line":54,"column":0},"end":{"line":54,"column":44}},"54":{"start":{"line":55,"column":0},"end":{"line":55,"column":47}},"55":{"start":{"line":56,"column":0},"end":{"line":56,"column":21}},"56":{"start":{"line":57,"column":0},"end":{"line":57,"column":64}},"57":{"start":{"line":58,"column":0},"end":{"line":58,"column":6}},"58":{"start":{"line":59,"column":0},"end":{"line":59,"column":33}},"60":{"start":{"line":61,"column":0},"end":{"line":61,"column":32}},"61":{"start":{"line":62,"column":0},"end":{"line":62,"column":15}},"62":{"start":{"line":63,"column":0},"end":{"line":63,"column":5}},"65":{"start":{"line":66,"column":0},"end":{"line":66,"column":43}},"66":{"start":{"line":67,"column":0},"end":{"line":67,"column":36}},"67":{"start":{"line":68,"column":0},"end":{"line":68,"column":18}},"68":{"start":{"line":69,"column":0},"end":{"line":69,"column":7}},"69":{"start":{"line":70,"column":0},"end":{"line":70,"column":36}},"70":{"start":{"line":71,"column":0},"end":{"line":71,"column":17}},"71":{"start":{"line":72,"column":0},"end":{"line":72,"column":7}},"72":{"start":{"line":73,"column":0},"end":{"line":73,"column":5}},"73":{"start":{"line":74,"column":0},"end":{"line":74,"column":13}},"74":{"start":{"line":75,"column":0},"end":{"line":75,"column":5}},"75":{"start":{"line":76,"column":0},"end":{"line":76,"column":2}}},"s":{"3":1,"4":2,"5":2,"6":2,"9":2,"10":2,"11":2000000,"12":0,"13":0,"14":0,"15":0,"16":0,"17":0,"18":2000000,"19":2000000,"20":2000000,"21":2000000,"22":2000000,"23":2000000,"24":2000000,"25":2000000,"26":2,"27":2,"29":1,"30":3,"31":3,"32":3,"33":3,"35":3,"36":0,"37":0,"39":3,"41":3,"42":2000003,"45":2000003,"46":0,"47":0,"49":2000003,"50":3,"51":3,"53":1,"54":4,"55":4,"56":4,"57":4,"58":4,"60":2000091,"61":6,"62":6,"65":2000085,"66":2000085,"67":7,"68":7,"69":2000085,"70":3,"71":3,"72":2000085,"73":2000075,"74":4,"75":4},"branchMap":{"0":{"type":"branch","line":4,"loc":{"start":{"line":4,"column":32},"end":{"line":28,"column":2}},"locations":[{"start":{"line":4,"column":32},"end":{"line":28,"column":2}}]},"1":{"type":"branch","line":7,"loc":{"start":{"line":7,"column":16},"end":{"line":7,"column":26}},"locations":[{"start":{"line":7,"column":16},"end":{"line":7,"column":26}}]},"2":{"type":"branch","line":11,"loc":{"start":{"line":11,"column":32},"end":{"line":26,"column":3}},"locations":[{"start":{"line":11,"column":32},"end":{"line":26,"column":3}}]},"3":{"type":"branch","line":12,"loc":{"start":{"line":12,"column":36},"end":{"line":18,"column":5}},"locations":[{"start":{"line":12,"column":36},"end":{"line":18,"column":5}}]},"4":{"type":"branch","line":30,"loc":{"start":{"line":30,"column":29},"end":{"line":52,"column":2}},"locations":[{"start":{"line":30,"column":29},"end":{"line":52,"column":2}}]},"5":{"type":"branch","line":36,"loc":{"start":{"line":36,"column":44},"end":{"line":38,"column":3}},"locations":[{"start":{"line":36,"column":44},"end":{"line":38,"column":3}}]},"6":{"type":"branch","line":42,"loc":{"start":{"line":42,"column":24},"end":{"line":51,"column":3}},"locations":[{"start":{"line":42,"column":24},"end":{"line":51,"column":3}}]},"7":{"type":"branch","line":46,"loc":{"start":{"line":46,"column":77},"end":{"line":48,"column":5}},"locations":[{"start":{"line":46,"column":77},"end":{"line":48,"column":5}}]},"8":{"type":"branch","line":54,"loc":{"start":{"line":54,"column":43},"end":{"line":76,"column":2}},"locations":[{"start":{"line":54,"column":43},"end":{"line":76,"column":2}}]},"9":{"type":"branch","line":59,"loc":{"start":{"line":59,"column":22},"end":{"line":75,"column":3}},"locations":[{"start":{"line":59,"column":22},"end":{"line":75,"column":3}}]},"10":{"type":"branch","line":61,"loc":{"start":{"line":61,"column":31},"end":{"line":63,"column":5}},"locations":[{"start":{"line":61,"column":31},"end":{"line":63,"column":5}}]},"11":{"type":"branch","line":63,"loc":{"start":{"line":63,"column":4},"end":{"line":73,"column":5}},"locations":[{"start":{"line":63,"column":4},"end":{"line":73,"column":5}}]},"12":{"type":"branch","line":67,"loc":{"start":{"line":67,"column":35},"end":{"line":69,"column":7}},"locations":[{"start":{"line":67,"column":35},"end":{"line":69,"column":7}}]},"13":{"type":"branch","line":69,"loc":{"start":{"line":69,"column":6},"end":{"line":70,"column":35}},"locations":[{"start":{"line":69,"column":6},"end":{"line":70,"column":35}}]},"14":{"type":"branch","line":70,"loc":{"start":{"line":70,"column":35},"end":{"line":72,"column":7}},"locations":[{"start":{"line":70,"column":35},"end":{"line":72,"column":7}}]},"15":{"type":"branch","line":73,"loc":{"start":{"line":73,"column":4},"end":{"line":74,"column":13}},"locations":[{"start":{"line":73,"column":4},"end":{"line":74,"column":13}}]}},"b":{"0":[2],"1":[0],"2":[2000000],"3":[0],"4":[3],"5":[0],"6":[2000003],"7":[0],"8":[4],"9":[2000091],"10":[6],"11":[2000085],"12":[7],"13":[2000078],"14":[3],"15":[2000075]},"fnMap":{"0":{"name":"normaliseOptions","decl":{"start":{"line":4,"column":32},"end":{"line":28,"column":2}},"loc":{"start":{"line":4,"column":32},"end":{"line":28,"column":2}},"line":4},"1":{"name":"filterOptions","decl":{"start":{"line":30,"column":29},"end":{"line":52,"column":2}},"loc":{"start":{"line":30,"column":29},"end":{"line":52,"column":2}},"line":30},"2":{"name":"orderOptionsBySelectedFirst","decl":{"start":{"line":54,"column":43},"end":{"line":76,"column":2}},"loc":{"start":{"line":54,"column":43},"end":{"line":76,"column":2}},"line":54}},"f":{"0":2,"1":3,"2":4}}
,"/workspaces/app.novu.link/packages/helpers/src/relativeTime.ts": {"path":"/workspaces/app.novu.link/packages/helpers/src/relativeTime.ts","all":false,"statementMap":{"0":{"start":{"line":1,"column":0},"end":{"line":1,"column":11}},"1":{"start":{"line":2,"column":0},"end":{"line":2,"column":19}},"2":{"start":{"line":3,"column":0},"end":{"line":3,"column":17}},"3":{"start":{"line":4,"column":0},"end":{"line":4,"column":14}},"4":{"start":{"line":5,"column":0},"end":{"line":5,"column":15}},"13":{"start":{"line":14,"column":0},"end":{"line":14,"column":120}},"14":{"start":{"line":15,"column":0},"end":{"line":15,"column":33}},"15":{"start":{"line":16,"column":0},"end":{"line":16,"column":26}},"16":{"start":{"line":17,"column":0},"end":{"line":17,"column":3}},"18":{"start":{"line":19,"column":0},"end":{"line":19,"column":51}},"19":{"start":{"line":20,"column":0},"end":{"line":20,"column":20}},"20":{"start":{"line":21,"column":0},"end":{"line":21,"column":5}},"22":{"start":{"line":23,"column":0},"end":{"line":23,"column":43}},"23":{"start":{"line":24,"column":0},"end":{"line":24,"column":49}},"24":{"start":{"line":25,"column":0},"end":{"line":25,"column":52}},"25":{"start":{"line":26,"column":0},"end":{"line":26,"column":56}},"26":{"start":{"line":27,"column":0},"end":{"line":27,"column":37}},"27":{"start":{"line":28,"column":0},"end":{"line":28,"column":39}},"29":{"start":{"line":30,"column":0},"end":{"line":30,"column":44}},"30":{"start":{"line":31,"column":0},"end":{"line":31,"column":40}},"31":{"start":{"line":32,"column":0},"end":{"line":32,"column":38}},"34":{"start":{"line":35,"column":0},"end":{"line":35,"column":29}},"35":{"start":{"line":36,"column":0},"end":{"line":36,"column":41}},"36":{"start":{"line":37,"column":0},"end":{"line":37,"column":3}},"39":{"start":{"line":40,"column":0},"end":{"line":40,"column":27}},"40":{"start":{"line":41,"column":0},"end":{"line":41,"column":37}},"41":{"start":{"line":42,"column":0},"end":{"line":42,"column":3}},"44":{"start":{"line":45,"column":0},"end":{"line":45,"column":26}},"45":{"start":{"line":46,"column":0},"end":{"line":46,"column":35}},"46":{"start":{"line":47,"column":0},"end":{"line":47,"column":3}},"49":{"start":{"line":50,"column":0},"end":{"line":50,"column":26}},"50":{"start":{"line":51,"column":0},"end":{"line":51,"column":37}},"51":{"start":{"line":52,"column":0},"end":{"line":52,"column":3}},"54":{"start":{"line":55,"column":0},"end":{"line":55,"column":37}},"55":{"start":{"line":56,"column":0},"end":{"line":56,"column":2}},"57":{"start":{"line":58,"column":0},"end":{"line":58,"column":58}},"58":{"start":{"line":59,"column":0},"end":{"line":59,"column":30}},"59":{"start":{"line":60,"column":0},"end":{"line":60,"column":21}},"60":{"start":{"line":61,"column":0},"end":{"line":61,"column":36}},"61":{"start":{"line":62,"column":0},"end":{"line":62,"column":20}},"62":{"start":{"line":63,"column":0},"end":{"line":63,"column":34}},"63":{"start":{"line":64,"column":0},"end":{"line":64,"column":21}},"64":{"start":{"line":65,"column":0},"end":{"line":65,"column":10}},"65":{"start":{"line":66,"column":0},"end":{"line":66,"column":23}},"66":{"start":{"line":67,"column":0},"end":{"line":67,"column":3}},"67":{"start":{"line":68,"column":0},"end":{"line":68,"column":2}},"69":{"start":{"line":70,"column":0},"end":{"line":70,"column":70}},"70":{"start":{"line":71,"column":0},"end":{"line":71,"column":17}},"71":{"start":{"line":72,"column":0},"end":{"line":72,"column":19}},"72":{"start":{"line":73,"column":0},"end":{"line":73,"column":26}},"73":{"start":{"line":74,"column":0},"end":{"line":74,"column":18}},"74":{"start":{"line":75,"column":0},"end":{"line":75,"column":28}},"75":{"start":{"line":76,"column":0},"end":{"line":76,"column":19}},"76":{"start":{"line":77,"column":0},"end":{"line":77,"column":29}},"77":{"start":{"line":78,"column":0},"end":{"line":78,"column":12}},"78":{"start":{"line":79,"column":0},"end":{"line":79,"column":21}},"79":{"start":{"line":80,"column":0},"end":{"line":80,"column":3}},"80":{"start":{"line":81,"column":0},"end":{"line":81,"column":2}},"88":{"start":{"line":89,"column":0},"end":{"line":89,"column":89}},"89":{"start":{"line":90,"column":0},"end":{"line":90,"column":39}},"91":{"start":{"line":92,"column":0},"end":{"line":92,"column":67}},"93":{"start":{"line":94,"column":0},"end":{"line":94,"column":47}},"94":{"start":{"line":95,"column":0},"end":{"line":95,"column":18}},"95":{"start":{"line":96,"column":0},"end":{"line":96,"column":26}},"96":{"start":{"line":97,"column":0},"end":{"line":97,"column":24}},"97":{"start":{"line":98,"column":0},"end":{"line":98,"column":49}},"98":{"start":{"line":99,"column":0},"end":{"line":99,"column":2}},"100":{"start":{"line":101,"column":0},"end":{"line":101,"column":32}},"101":{"start":{"line":102,"column":0},"end":{"line":102,"column":16}},"102":{"start":{"line":103,"column":0},"end":{"line":103,"column":40}},"103":{"start":{"line":104,"column":0},"end":{"line":104,"column":14}},"104":{"start":{"line":105,"column":0},"end":{"line":105,"column":21}},"105":{"start":{"line":106,"column":0},"end":{"line":106,"column":19}},"106":{"start":{"line":107,"column":0},"end":{"line":107,"column":19}},"107":{"start":{"line":108,"column":0},"end":{"line":108,"column":17}},"108":{"start":{"line":109,"column":0},"end":{"line":109,"column":24}},"109":{"start":{"line":110,"column":0},"end":{"line":110,"column":16}},"110":{"start":{"line":111,"column":0},"end":{"line":111,"column":29}},"111":{"start":{"line":112,"column":0},"end":{"line":112,"column":12}},"112":{"start":{"line":113,"column":0},"end":{"line":113,"column":19}},"113":{"start":{"line":114,"column":0},"end":{"line":114,"column":3}},"114":{"start":{"line":115,"column":0},"end":{"line":115,"column":2}}},"s":{"0":1,"1":1,"2":1,"3":1,"4":1,"13":1,"14":11,"15":1,"16":1,"18":11,"19":11,"20":11,"22":11,"23":11,"24":11,"25":11,"26":11,"27":11,"29":11,"30":11,"31":11,"34":11,"35":2,"36":2,"39":11,"40":3,"41":3,"44":11,"45":2,"46":2,"49":11,"50":2,"51":2,"54":2,"55":2,"57":1,"58":0,"59":0,"60":0,"61":0,"62":0,"63":0,"64":0,"65":0,"66":0,"67":0,"69":1,"70":0,"71":0,"72":0,"73":0,"74":0,"75":0,"76":0,"77":0,"78":0,"79":0,"80":0,"88":1,"89":0,"91":0,"93":0,"94":0,"95":0,"96":0,"97":0,"98":0,"100":1,"101":0,"102":0,"103":0,"104":0,"105":0,"106":0,"107":0,"108":0,"109":0,"110":0,"111":0,"112":0,"113":0,"114":0},"branchMap":{"0":{"type":"branch","line":1,"loc":{"start":{"line":1,"column":0},"end":{"line":1,"column":11}},"locations":[{"start":{"line":1,"column":0},"end":{"line":1,"column":11}}]},"1":{"type":"branch","line":14,"loc":{"start":{"line":14,"column":28},"end":{"line":56,"column":2}},"locations":[{"start":{"line":14,"column":28},"end":{"line":56,"column":2}}]},"2":{"type":"branch","line":15,"loc":{"start":{"line":15,"column":32},"end":{"line":17,"column":3}},"locations":[{"start":{"line":15,"column":32},"end":{"line":17,"column":3}}]},"3":{"type":"branch","line":35,"loc":{"start":{"line":35,"column":28},"end":{"line":37,"column":3}},"locations":[{"start":{"line":35,"column":28},"end":{"line":37,"column":3}}]},"4":{"type":"branch","line":37,"loc":{"start":{"line":37,"column":2},"end":{"line":40,"column":26}},"locations":[{"start":{"line":37,"column":2},"end":{"line":40,"column":26}}]},"5":{"type":"branch","line":40,"loc":{"start":{"line":40,"column":26},"end":{"line":42,"column":3}},"locations":[{"start":{"line":40,"column":26},"end":{"line":42,"column":3}}]},"6":{"type":"branch","line":42,"loc":{"start":{"line":42,"column":2},"end":{"line":45,"column":25}},"locations":[{"start":{"line":42,"column":2},"end":{"line":45,"column":25}}]},"7":{"type":"branch","line":45,"loc":{"start":{"line":45,"column":25},"end":{"line":47,"column":3}},"locations":[{"start":{"line":45,"column":25},"end":{"line":47,"column":3}}]},"8":{"type":"branch","line":47,"loc":{"start":{"line":47,"column":2},"end":{"line":50,"column":25}},"locations":[{"start":{"line":47,"column":2},"end":{"line":50,"column":25}}]},"9":{"type":"branch","line":50,"loc":{"start":{"line":50,"column":25},"end":{"line":56,"column":2}},"locations":[{"start":{"line":50,"column":25},"end":{"line":56,"column":2}}]}},"b":{"0":[1],"1":[11],"2":[1],"3":[2],"4":[9],"5":[3],"6":[6],"7":[2],"8":[4],"9":[2]},"fnMap":{"0":{"name":"relativeTime","decl":{"start":{"line":14,"column":28},"end":{"line":56,"column":2}},"loc":{"start":{"line":14,"column":28},"end":{"line":56,"column":2}},"line":14},"1":{"name":"selectBestUnit","decl":{"start":{"line":58,"column":30},"end":{"line":68,"column":2}},"loc":{"start":{"line":58,"column":30},"end":{"line":68,"column":2}},"line":58},"2":{"name":"computeMinutesToUnit","decl":{"start":{"line":70,"column":36},"end":{"line":81,"column":2}},"loc":{"start":{"line":70,"column":36},"end":{"line":81,"column":2}},"line":70},"3":{"name":"formatMinutes","decl":{"start":{"line":89,"column":29},"end":{"line":99,"column":2}},"loc":{"start":{"line":89,"column":29},"end":{"line":99,"column":2}},"line":89},"4":{"name":"formatToMinutes","decl":{"start":{"line":101,"column":31},"end":{"line":115,"column":2}},"loc":{"start":{"line":101,"column":31},"end":{"line":115,"column":2}},"line":101}},"f":{"0":11,"1":0,"2":0,"3":0,"4":0}}
,"/workspaces/app.novu.link/packages/helpers/src/streamers.ts": {"path":"/workspaces/app.novu.link/packages/helpers/src/streamers.ts","all":true,"statementMap":{"4":{"start":{"line":5,"column":0},"end":{"line":5,"column":49}},"5":{"start":{"line":6,"column":0},"end":{"line":6,"column":48}},"6":{"start":{"line":7,"column":0},"end":{"line":7,"column":46}},"7":{"start":{"line":8,"column":0},"end":{"line":8,"column":48}},"8":{"start":{"line":9,"column":0},"end":{"line":9,"column":13}},"9":{"start":{"line":10,"column":0},"end":{"line":10,"column":2}},"12":{"start":{"line":13,"column":0},"end":{"line":13,"column":44}},"13":{"start":{"line":14,"column":0},"end":{"line":14,"column":50}},"14":{"start":{"line":15,"column":0},"end":{"line":15,"column":30}},"15":{"start":{"line":16,"column":0},"end":{"line":16,"column":6}},"16":{"start":{"line":17,"column":0},"end":{"line":17,"column":43}},"17":{"start":{"line":18,"column":0},"end":{"line":18,"column":27}},"20":{"start":{"line":21,"column":0},"end":{"line":21,"column":16}},"21":{"start":{"line":22,"column":0},"end":{"line":22,"column":48}},"22":{"start":{"line":23,"column":0},"end":{"line":23,"column":20}},"24":{"start":{"line":25,"column":0},"end":{"line":25,"column":63}},"25":{"start":{"line":26,"column":0},"end":{"line":26,"column":48}},"27":{"start":{"line":28,"column":0},"end":{"line":28,"column":50}},"28":{"start":{"line":29,"column":0},"end":{"line":29,"column":43}},"29":{"start":{"line":30,"column":0},"end":{"line":30,"column":51}},"30":{"start":{"line":31,"column":0},"end":{"line":31,"column":25}},"31":{"start":{"line":32,"column":0},"end":{"line":32,"column":13}},"32":{"start":{"line":33,"column":0},"end":{"line":33,"column":51}},"33":{"start":{"line":34,"column":0},"end":{"line":34,"column":61}},"34":{"start":{"line":35,"column":0},"end":{"line":35,"column":25}},"35":{"start":{"line":36,"column":0},"end":{"line":36,"column":61}},"36":{"start":{"line":37,"column":0},"end":{"line":37,"column":62}},"37":{"start":{"line":38,"column":0},"end":{"line":38,"column":9}},"38":{"start":{"line":39,"column":0},"end":{"line":39,"column":7}},"39":{"start":{"line":40,"column":0},"end":{"line":40,"column":5}},"41":{"start":{"line":42,"column":0},"end":{"line":42,"column":50}},"42":{"start":{"line":43,"column":0},"end":{"line":43,"column":3}},"44":{"start":{"line":45,"column":0},"end":{"line":45,"column":24}},"45":{"start":{"line":46,"column":0},"end":{"line":46,"column":55}},"46":{"start":{"line":47,"column":0},"end":{"line":47,"column":3}},"47":{"start":{"line":48,"column":0},"end":{"line":48,"column":2}},"50":{"start":{"line":51,"column":0},"end":{"line":51,"column":83}},"51":{"start":{"line":52,"column":0},"end":{"line":52,"column":7}},"52":{"start":{"line":53,"column":0},"end":{"line":53,"column":33}},"53":{"start":{"line":54,"column":0},"end":{"line":54,"column":39}},"55":{"start":{"line":56,"column":0},"end":{"line":56,"column":54}},"56":{"start":{"line":57,"column":0},"end":{"line":57,"column":53}},"57":{"start":{"line":58,"column":0},"end":{"line":58,"column":57}},"58":{"start":{"line":59,"column":0},"end":{"line":59,"column":7}},"59":{"start":{"line":60,"column":0},"end":{"line":60,"column":19}},"60":{"start":{"line":61,"column":0},"end":{"line":61,"column":65}},"61":{"start":{"line":62,"column":0},"end":{"line":62,"column":43}},"62":{"start":{"line":63,"column":0},"end":{"line":63,"column":3}},"63":{"start":{"line":64,"column":0},"end":{"line":64,"column":2}}},"s":{"4":0,"5":0,"6":0,"7":0,"8":0,"9":0,"12":0,"13":0,"14":0,"15":0,"16":0,"17":0,"20":0,"21":0,"22":0,"24":0,"25":0,"27":0,"28":0,"29":0,"30":0,"31":0,"32":0,"33":0,"34":0,"35":0,"36":0,"37":0,"38":0,"39":0,"41":0,"42":0,"44":0,"45":0,"46":0,"47":0,"50":0,"51":0,"52":0,"53":0,"55":0,"56":0,"57":0,"58":0,"59":0,"60":0,"61":0,"62":0,"63":0},"branchMap":{"0":{"type":"branch","line":1,"loc":{"start":{"line":1,"column":2016},"end":{"line":64,"column":2}},"locations":[{"start":{"line":1,"column":2016},"end":{"line":64,"column":2}}]}},"b":{"0":[1]},"fnMap":{"0":{"name":"(empty-report)","decl":{"start":{"line":1,"column":2016},"end":{"line":64,"column":2}},"loc":{"start":{"line":1,"column":2016},"end":{"line":64,"column":2}},"line":1}},"f":{"0":1}}
,"/workspaces/app.novu.link/packages/helpers/src/urlFormatter.ts": {"path":"/workspaces/app.novu.link/packages/helpers/src/urlFormatter.ts","all":false,"statementMap":{"6":{"start":{"line":7,"column":0},"end":{"line":7,"column":51}},"7":{"start":{"line":8,"column":0},"end":{"line":8,"column":65}},"8":{"start":{"line":9,"column":0},"end":{"line":9,"column":1}},"16":{"start":{"line":17,"column":0},"end":{"line":17,"column":53}},"18":{"start":{"line":19,"column":0},"end":{"line":19,"column":32}},"19":{"start":{"line":20,"column":0},"end":{"line":20,"column":15}},"20":{"start":{"line":21,"column":0},"end":{"line":21,"column":3}},"22":{"start":{"line":23,"column":0},"end":{"line":23,"column":60}},"23":{"start":{"line":24,"column":0},"end":{"line":24,"column":1}},"32":{"start":{"line":33,"column":0},"end":{"line":33,"column":37}},"33":{"start":{"line":34,"column":0},"end":{"line":34,"column":14}},"34":{"start":{"line":35,"column":0},"end":{"line":35,"column":23}},"35":{"start":{"line":36,"column":0},"end":{"line":36,"column":11}},"36":{"start":{"line":37,"column":0},"end":{"line":37,"column":49}},"37":{"start":{"line":38,"column":0},"end":{"line":38,"column":1}},"58":{"start":{"line":59,"column":0},"end":{"line":59,"column":69}},"60":{"start":{"line":61,"column":0},"end":{"line":61,"column":33}},"63":{"start":{"line":64,"column":0},"end":{"line":64,"column":29}},"64":{"start":{"line":65,"column":0},"end":{"line":65,"column":17}},"65":{"start":{"line":66,"column":0},"end":{"line":66,"column":3}},"68":{"start":{"line":69,"column":0},"end":{"line":69,"column":23}},"69":{"start":{"line":70,"column":0},"end":{"line":70,"column":16}},"70":{"start":{"line":71,"column":0},"end":{"line":71,"column":3}},"73":{"start":{"line":74,"column":0},"end":{"line":74,"column":33}},"74":{"start":{"line":75,"column":0},"end":{"line":75,"column":17}},"75":{"start":{"line":76,"column":0},"end":{"line":76,"column":3}},"77":{"start":{"line":78,"column":0},"end":{"line":78,"column":23}},"78":{"start":{"line":79,"column":0},"end":{"line":79,"column":16}},"79":{"start":{"line":80,"column":0},"end":{"line":80,"column":3}},"82":{"start":{"line":83,"column":0},"end":{"line":83,"column":33}},"83":{"start":{"line":84,"column":0},"end":{"line":84,"column":17}},"84":{"start":{"line":85,"column":0},"end":{"line":85,"column":3}},"86":{"start":{"line":87,"column":0},"end":{"line":87,"column":23}},"87":{"start":{"line":88,"column":0},"end":{"line":88,"column":16}},"88":{"start":{"line":89,"column":0},"end":{"line":89,"column":3}},"91":{"start":{"line":92,"column":0},"end":{"line":92,"column":33}},"92":{"start":{"line":93,"column":0},"end":{"line":93,"column":17}},"93":{"start":{"line":94,"column":0},"end":{"line":94,"column":3}},"95":{"start":{"line":96,"column":0},"end":{"line":96,"column":23}},"96":{"start":{"line":97,"column":0},"end":{"line":97,"column":16}},"97":{"start":{"line":98,"column":0},"end":{"line":98,"column":3}},"100":{"start":{"line":101,"column":0},"end":{"line":101,"column":61}},"101":{"start":{"line":102,"column":0},"end":{"line":102,"column":17}},"102":{"start":{"line":103,"column":0},"end":{"line":103,"column":3}},"104":{"start":{"line":105,"column":0},"end":{"line":105,"column":23}},"105":{"start":{"line":106,"column":0},"end":{"line":106,"column":16}},"106":{"start":{"line":107,"column":0},"end":{"line":107,"column":3}},"109":{"start":{"line":110,"column":0},"end":{"line":110,"column":61}},"110":{"start":{"line":111,"column":0},"end":{"line":111,"column":17}},"111":{"start":{"line":112,"column":0},"end":{"line":112,"column":3}},"113":{"start":{"line":114,"column":0},"end":{"line":114,"column":23}},"114":{"start":{"line":115,"column":0},"end":{"line":115,"column":16}},"115":{"start":{"line":116,"column":0},"end":{"line":116,"column":3}},"118":{"start":{"line":119,"column":0},"end":{"line":119,"column":33}},"119":{"start":{"line":120,"column":0},"end":{"line":120,"column":17}},"120":{"start":{"line":121,"column":0},"end":{"line":121,"column":3}},"122":{"start":{"line":123,"column":0},"end":{"line":123,"column":23}},"123":{"start":{"line":124,"column":0},"end":{"line":124,"column":16}},"124":{"start":{"line":125,"column":0},"end":{"line":125,"column":3}},"127":{"start":{"line":128,"column":0},"end":{"line":128,"column":32}},"128":{"start":{"line":129,"column":0},"end":{"line":129,"column":35}},"129":{"start":{"line":130,"column":0},"end":{"line":130,"column":19}},"130":{"start":{"line":131,"column":0},"end":{"line":131,"column":5}},"131":{"start":{"line":132,"column":0},"end":{"line":132,"column":3}},"133":{"start":{"line":134,"column":0},"end":{"line":134,"column":14}},"134":{"start":{"line":135,"column":0},"end":{"line":135,"column":1}},"142":{"start":{"line":143,"column":0},"end":{"line":143,"column":43}},"143":{"start":{"line":144,"column":0},"end":{"line":144,"column":14}},"144":{"start":{"line":145,"column":0},"end":{"line":145,"column":23}},"145":{"start":{"line":146,"column":0},"end":{"line":146,"column":11}},"146":{"start":{"line":147,"column":0},"end":{"line":147,"column":67}},"147":{"start":{"line":148,"column":0},"end":{"line":148,"column":1}},"155":{"start":{"line":156,"column":0},"end":{"line":156,"column":71}},"156":{"start":{"line":157,"column":0},"end":{"line":157,"column":76}},"157":{"start":{"line":158,"column":0},"end":{"line":158,"column":1}}},"s":{"6":1,"7":8,"8":8,"16":1,"18":5,"19":2,"20":2,"22":3,"23":3,"32":1,"33":4,"34":4,"35":4,"36":4,"37":4,"58":1,"60":21,"63":21,"64":6,"65":6,"68":21,"69":1,"70":1,"73":21,"74":1,"75":1,"77":21,"78":1,"79":1,"82":21,"83":1,"84":1,"86":21,"87":1,"88":1,"91":21,"92":0,"93":0,"95":21,"96":3,"97":3,"100":21,"101":0,"102":0,"104":21,"105":0,"106":0,"109":21,"110":0,"111":0,"113":21,"114":0,"115":0,"118":21,"119":0,"120":0,"122":21,"123":3,"124":3,"127":21,"128":4,"129":1,"130":1,"131":4,"133":3,"134":3,"142":1,"143":9,"144":9,"145":9,"146":9,"147":9,"155":1,"156":5,"157":5},"branchMap":{"0":{"type":"branch","line":7,"loc":{"start":{"line":7,"column":7},"end":{"line":9,"column":1}},"locations":[{"start":{"line":7,"column":7},"end":{"line":9,"column":1}}]},"1":{"type":"branch","line":8,"loc":{"start":{"line":8,"column":33},"end":{"line":8,"column":65}},"locations":[{"start":{"line":8,"column":33},"end":{"line":8,"column":65}}]},"2":{"type":"branch","line":17,"loc":{"start":{"line":17,"column":7},"end":{"line":24,"column":1}},"locations":[{"start":{"line":17,"column":7},"end":{"line":24,"column":1}}]},"3":{"type":"branch","line":19,"loc":{"start":{"line":19,"column":31},"end":{"line":21,"column":3}},"locations":[{"start":{"line":19,"column":31},"end":{"line":21,"column":3}}]},"4":{"type":"branch","line":21,"loc":{"start":{"line":21,"column":2},"end":{"line":24,"column":1}},"locations":[{"start":{"line":21,"column":2},"end":{"line":24,"column":1}}]},"5":{"type":"branch","line":33,"loc":{"start":{"line":33,"column":7},"end":{"line":38,"column":1}},"locations":[{"start":{"line":33,"column":7},"end":{"line":38,"column":1}}]},"6":{"type":"branch","line":37,"loc":{"start":{"line":37,"column":24},"end":{"line":37,"column":34}},"locations":[{"start":{"line":37,"column":24},"end":{"line":37,"column":34}}]},"7":{"type":"branch","line":37,"loc":{"start":{"line":37,"column":28},"end":{"line":37,"column":49}},"locations":[{"start":{"line":37,"column":28},"end":{"line":37,"column":49}}]},"8":{"type":"branch","line":59,"loc":{"start":{"line":59,"column":7},"end":{"line":135,"column":1}},"locations":[{"start":{"line":59,"column":7},"end":{"line":135,"column":1}}]},"9":{"type":"branch","line":64,"loc":{"start":{"line":64,"column":28},"end":{"line":66,"column":3}},"locations":[{"start":{"line":64,"column":28},"end":{"line":66,"column":3}}]},"10":{"type":"branch","line":66,"loc":{"start":{"line":66,"column":2},"end":{"line":69,"column":22}},"locations":[{"start":{"line":66,"column":2},"end":{"line":69,"column":22}}]},"11":{"type":"branch","line":69,"loc":{"start":{"line":69,"column":22},"end":{"line":71,"column":3}},"locations":[{"start":{"line":69,"column":22},"end":{"line":71,"column":3}}]},"12":{"type":"branch","line":71,"loc":{"start":{"line":71,"column":2},"end":{"line":74,"column":26}},"locations":[{"start":{"line":71,"column":2},"end":{"line":74,"column":26}}]},"13":{"type":"branch","line":74,"loc":{"start":{"line":74,"column":32},"end":{"line":76,"column":3}},"locations":[{"start":{"line":74,"column":32},"end":{"line":76,"column":3}}]},"14":{"type":"branch","line":76,"loc":{"start":{"line":76,"column":2},"end":{"line":78,"column":22}},"locations":[{"start":{"line":76,"column":2},"end":{"line":78,"column":22}}]},"15":{"type":"branch","line":78,"loc":{"start":{"line":78,"column":22},"end":{"line":80,"column":3}},"locations":[{"start":{"line":78,"column":22},"end":{"line":80,"column":3}}]},"16":{"type":"branch","line":80,"loc":{"start":{"line":80,"column":2},"end":{"line":83,"column":26}},"locations":[{"start":{"line":80,"column":2},"end":{"line":83,"column":26}}]},"17":{"type":"branch","line":83,"loc":{"start":{"line":83,"column":32},"end":{"line":85,"column":3}},"locations":[{"start":{"line":83,"column":32},"end":{"line":85,"column":3}}]},"18":{"type":"branch","line":85,"loc":{"start":{"line":85,"column":2},"end":{"line":87,"column":22}},"locations":[{"start":{"line":85,"column":2},"end":{"line":87,"column":22}}]},"19":{"type":"branch","line":87,"loc":{"start":{"line":87,"column":22},"end":{"line":89,"column":3}},"locations":[{"start":{"line":87,"column":22},"end":{"line":89,"column":3}}]},"20":{"type":"branch","line":89,"loc":{"start":{"line":89,"column":2},"end":{"line":92,"column":26}},"locations":[{"start":{"line":89,"column":2},"end":{"line":92,"column":26}}]},"21":{"type":"branch","line":92,"loc":{"start":{"line":92,"column":32},"end":{"line":94,"column":3}},"locations":[{"start":{"line":92,"column":32},"end":{"line":94,"column":3}}]},"22":{"type":"branch","line":94,"loc":{"start":{"line":94,"column":2},"end":{"line":96,"column":22}},"locations":[{"start":{"line":94,"column":2},"end":{"line":96,"column":22}}]},"23":{"type":"branch","line":96,"loc":{"start":{"line":96,"column":22},"end":{"line":98,"column":3}},"locations":[{"start":{"line":96,"column":22},"end":{"line":98,"column":3}}]},"24":{"type":"branch","line":98,"loc":{"start":{"line":98,"column":2},"end":{"line":101,"column":26}},"locations":[{"start":{"line":98,"column":2},"end":{"line":101,"column":26}}]},"25":{"type":"branch","line":101,"loc":{"start":{"line":101,"column":29},"end":{"line":101,"column":60}},"locations":[{"start":{"line":101,"column":29},"end":{"line":101,"column":60}}]},"26":{"type":"branch","line":101,"loc":{"start":{"line":101,"column":60},"end":{"line":103,"column":3}},"locations":[{"start":{"line":101,"column":60},"end":{"line":103,"column":3}}]},"27":{"type":"branch","line":103,"loc":{"start":{"line":103,"column":2},"end":{"line":105,"column":22}},"locations":[{"start":{"line":103,"column":2},"end":{"line":105,"column":22}}]},"28":{"type":"branch","line":105,"loc":{"start":{"line":105,"column":22},"end":{"line":107,"column":3}},"locations":[{"start":{"line":105,"column":22},"end":{"line":107,"column":3}}]},"29":{"type":"branch","line":107,"loc":{"start":{"line":107,"column":2},"end":{"line":110,"column":26}},"locations":[{"start":{"line":107,"column":2},"end":{"line":110,"column":26}}]},"30":{"type":"branch","line":110,"loc":{"start":{"line":110,"column":29},"end":{"line":110,"column":60}},"locations":[{"start":{"line":110,"column":29},"end":{"line":110,"column":60}}]},"31":{"type":"branch","line":110,"loc":{"start":{"line":110,"column":60},"end":{"line":112,"column":3}},"locations":[{"start":{"line":110,"column":60},"end":{"line":112,"column":3}}]},"32":{"type":"branch","line":112,"loc":{"start":{"line":112,"column":2},"end":{"line":114,"column":22}},"locations":[{"start":{"line":112,"column":2},"end":{"line":114,"column":22}}]},"33":{"type":"branch","line":114,"loc":{"start":{"line":114,"column":22},"end":{"line":116,"column":3}},"locations":[{"start":{"line":114,"column":22},"end":{"line":116,"column":3}}]},"34":{"type":"branch","line":116,"loc":{"start":{"line":116,"column":2},"end":{"line":119,"column":26}},"locations":[{"start":{"line":116,"column":2},"end":{"line":119,"column":26}}]},"35":{"type":"branch","line":119,"loc":{"start":{"line":119,"column":32},"end":{"line":121,"column":3}},"locations":[{"start":{"line":119,"column":32},"end":{"line":121,"column":3}}]},"36":{"type":"branch","line":121,"loc":{"start":{"line":121,"column":2},"end":{"line":123,"column":22}},"locations":[{"start":{"line":121,"column":2},"end":{"line":123,"column":22}}]},"37":{"type":"branch","line":123,"loc":{"start":{"line":123,"column":22},"end":{"line":125,"column":3}},"locations":[{"start":{"line":123,"column":22},"end":{"line":125,"column":3}}]},"38":{"type":"branch","line":125,"loc":{"start":{"line":125,"column":2},"end":{"line":128,"column":25}},"locations":[{"start":{"line":125,"column":2},"end":{"line":128,"column":25}}]},"39":{"type":"branch","line":128,"loc":{"start":{"line":128,"column":31},"end":{"line":132,"column":3}},"locations":[{"start":{"line":128,"column":31},"end":{"line":132,"column":3}}]},"40":{"type":"branch","line":129,"loc":{"start":{"line":129,"column":34},"end":{"line":131,"column":5}},"locations":[{"start":{"line":129,"column":34},"end":{"line":131,"column":5}}]},"41":{"type":"branch","line":132,"loc":{"start":{"line":132,"column":2},"end":{"line":135,"column":1}},"locations":[{"start":{"line":132,"column":2},"end":{"line":135,"column":1}}]},"42":{"type":"branch","line":143,"loc":{"start":{"line":143,"column":7},"end":{"line":148,"column":1}},"locations":[{"start":{"line":143,"column":7},"end":{"line":148,"column":1}}]},"43":{"type":"branch","line":147,"loc":{"start":{"line":147,"column":42},"end":{"line":147,"column":52}},"locations":[{"start":{"line":147,"column":42},"end":{"line":147,"column":52}}]},"44":{"type":"branch","line":147,"loc":{"start":{"line":147,"column":46},"end":{"line":147,"column":67}},"locations":[{"start":{"line":147,"column":46},"end":{"line":147,"column":67}}]},"45":{"type":"branch","line":156,"loc":{"start":{"line":156,"column":7},"end":{"line":158,"column":1}},"locations":[{"start":{"line":156,"column":7},"end":{"line":158,"column":1}}]}},"b":{"0":[8],"1":[6],"2":[5],"3":[2],"4":[3],"5":[4],"6":[2],"7":[2],"8":[21],"9":[6],"10":[15],"11":[1],"12":[14],"13":[1],"14":[13],"15":[1],"16":[12],"17":[1],"18":[11],"19":[1],"20":[10],"21":[0],"22":[10],"23":[3],"24":[7],"25":[4],"26":[0],"27":[7],"28":[0],"29":[7],"30":[3],"31":[0],"32":[7],"33":[0],"34":[7],"35":[0],"36":[7],"37":[3],"38":[4],"39":[4],"40":[1],"41":[3],"42":[9],"43":[4],"44":[5],"45":[5]},"fnMap":{"0":{"name":"hasProtocol","decl":{"start":{"line":7,"column":7},"end":{"line":9,"column":1}},"loc":{"start":{"line":7,"column":7},"end":{"line":9,"column":1}},"line":7},"1":{"name":"removeProtocol","decl":{"start":{"line":17,"column":7},"end":{"line":24,"column":1}},"loc":{"start":{"line":17,"column":7},"end":{"line":24,"column":1}},"line":17},"2":{"name":"addProtocolIfMissing","decl":{"start":{"line":33,"column":7},"end":{"line":38,"column":1}},"loc":{"start":{"line":33,"column":7},"end":{"line":38,"column":1}},"line":33},"3":{"name":"looksLikeStartingWithProtocol","decl":{"start":{"line":59,"column":7},"end":{"line":135,"column":1}},"loc":{"start":{"line":59,"column":7},"end":{"line":135,"column":1}},"line":59},"4":{"name":"softlyAddProtocolIfMissing","decl":{"start":{"line":143,"column":7},"end":{"line":148,"column":1}},"loc":{"start":{"line":143,"column":7},"end":{"line":148,"column":1}},"line":143},"5":{"name":"formatUrl","decl":{"start":{"line":156,"column":7},"end":{"line":158,"column":1}},"loc":{"start":{"line":156,"column":7},"end":{"line":158,"column":1}},"line":156}},"f":{"0":8,"1":5,"2":4,"3":21,"4":9,"5":5}}
}
